This file contains any messages produced by compilers while
running configure, to aid debugging if configure makes a mistake.

It was created by libsecp256k1 configure 0.1, which was
generated by GNU Autoconf 2.69.  Invocation command line was

  $ ./configure --disable-option-checking --prefix=/home/caoliang/LMCCC/depends/x86_64-w64-mingw32 --disable-shared --with-pic --with-bignum=no --enable-module-recovery --cache-file=/dev/null --srcdir=.

## --------- ##
## Platform. ##
## --------- ##

hostname = ubuntu
uname -m = x86_64
uname -r = 4.4.0-87-generic
uname -s = Linux
uname -v = #110-Ubuntu SMP Tue Jul 18 12:55:35 UTC 2017

/usr/bin/uname -p = unknown
/bin/uname -X     = unknown

/bin/arch              = unknown
/usr/bin/arch -k       = unknown
/usr/convex/getsysinfo = unknown
/usr/bin/hostinfo      = unknown
/bin/machine           = unknown
/usr/bin/oslevel       = unknown
/bin/universe          = unknown

PATH: /home/caoliang/LMCCC/depends/x86_64-w64-mingw32/native/bin
PATH: /home/caoliang/bin
PATH: /home/caoliang/.local/bin
PATH: /usr/local/sbin
PATH: /usr/local/bin
PATH: /usr/sbin
PATH: /usr/bin
PATH: /sbin
PATH: /bin
PATH: /usr/games
PATH: /usr/local/games


## ----------- ##
## Core tests. ##
## ----------- ##

configure:2250: loading site script /home/caoliang/LMCCC/depends/x86_64-w64-mingw32/share/config.site
| cross_compiling=maybe
| host_alias=x86_64-w64-mingw32
| ac_tool_prefix=${host_alias}-
| 
| if test -z $with_boost; then
|   with_boost=$prefix
| fi
| if test -z $with_qt_plugindir; then
|   with_qt_plugindir=$prefix/plugins
| fi
| if test -z $with_qt_translationdir; then
|   with_qt_translationdir=$prefix/translations
| fi
| if test -z $with_qt_bindir; then
|   with_qt_bindir=$prefix/native/bin
| fi
| if test -z $with_protoc_bindir; then
|   with_protoc_bindir=$prefix/native/bin
| fi
| if test -z $with_comparison_tool; then
|   with_comparison_tool=$prefix/native/share/BitcoindComparisonTool_jar/BitcoindComparisonTool.jar
| fi
| 
| 
| if test -z $enable_wallet && test -n ""; then
|   enable_wallet=no
| fi
| 
| if test -z $with_miniupnpc && test -n ""; then
|   with_miniupnpc=no
| fi
| 
| if test -z $with_gui && test -n ""; then
|   with_gui=no
| fi
| 
| if test xmingw32 = xdarwin; then
|   BREW=no
|   PORT=no
| fi
| 
| if test xmingw32 = xmingw32; then
|   if test -z $with_qt_incdir; then
|     with_qt_incdir=$prefix/include
|   fi
|   if test -z $with_qt_libdir; then
|     with_qt_libdir=$prefix/lib
|   fi
| fi
| 
| PATH=$prefix/native/bin:$PATH
| PKG_CONFIG="`which pkg-config` --static"
| 
| # These two need to remain exported because pkg-config does not see them
| # otherwise. That means they must be unexported at the end of configure.ac to
| # avoid ruining the cache. Sigh.
| 
| export PKG_CONFIG_LIBDIR=$prefix/lib/pkgconfig
| export PKG_CONFIG_PATH=$prefix/share/pkgconfig
| 
| CPPFLAGS="-I$prefix/include/ $CPPFLAGS"
| LDFLAGS="-L$prefix/lib $LDFLAGS"
| 
| CC="x86_64-w64-mingw32-gcc"
| CXX="x86_64-w64-mingw32-g++"
| OBJC="${CC}"
| OBJCXX="${CXX}"
| CCACHE=$prefix/native/bin/ccache
| 
| if test -n "x86_64-w64-mingw32-ar"; then
|   AR=x86_64-w64-mingw32-ar
|   ac_cv_path_ac_pt_AR=${AR}
| fi
| 
| if test -n "x86_64-w64-mingw32-ranlib"; then
|   RANLIB=x86_64-w64-mingw32-ranlib
|   ac_cv_path_ac_pt_RANLIB=${RANLIB}
| fi
| 
| if test -n "x86_64-w64-mingw32-nm"; then
|   NM=x86_64-w64-mingw32-nm
|   ac_cv_path_ac_pt_NM=${NM}
| fi
| 
| if test -n ""; then
|   enable_reduce_exports=no
| fi
| 
| if test -n "-pipe -O2"; then
|   CFLAGS="-pipe -O2 $CFLAGS"
| fi
| if test -n "-pipe -O2"; then
|   CXXFLAGS="-pipe -O2 $CXXFLAGS"
| fi
| if test -n ""; then
|   CPPFLAGS=" $CPPFLAGS"
| fi
| if test -n ""; then
|   LDFLAGS=" $LDFLAGS"
| fi
configure:2380: checking build system type
configure:2394: result: x86_64-pc-linux-gnu
configure:2414: checking host system type
configure:2427: result: x86_64-w64-mingw32
configure:2466: checking for a BSD-compatible install
configure:2534: result: /usr/bin/install -c
configure:2545: checking whether build environment is sane
configure:2600: result: yes
configure:2659: checking for x86_64-w64-mingw32-strip
configure:2675: found /usr/bin/x86_64-w64-mingw32-strip
configure:2686: result: x86_64-w64-mingw32-strip
configure:2751: checking for a thread-safe mkdir -p
configure:2790: result: /bin/mkdir -p
configure:2797: checking for gawk
configure:2827: result: no
configure:2797: checking for mawk
configure:2813: found /usr/bin/mawk
configure:2824: result: mawk
configure:2835: checking whether make sets $(MAKE)
configure:2857: result: yes
configure:2886: checking whether make supports nested variables
configure:2903: result: yes
configure:3075: checking how to print strings
configure:3102: result: printf
configure:3135: checking for style of include used by make
configure:3163: result: GNU
configure:3194: checking for x86_64-w64-mingw32-gcc
configure:3221: result: x86_64-w64-mingw32-gcc
configure:3490: checking for C compiler version
configure:3499: x86_64-w64-mingw32-gcc --version >&5
x86_64-w64-mingw32-gcc (GCC) 5.3.1 20160211
Copyright (C) 2015 Free Software Foundation, Inc.
This is free software; see the source for copying conditions.  There is NO
warranty; not even for MERCHANTABILITY or FITNESS FOR A PARTICULAR PURPOSE.

configure:3510: $? = 0
configure:3499: x86_64-w64-mingw32-gcc -v >&5
Using built-in specs.
COLLECT_GCC=x86_64-w64-mingw32-gcc
COLLECT_LTO_WRAPPER=/usr/lib/gcc/x86_64-w64-mingw32/5.3-win32/lto-wrapper
Target: x86_64-w64-mingw32
Configured with: ../../src/configure --build=x86_64-linux-gnu --prefix=/usr --includedir='/usr/include' --mandir='/usr/share/man' --infodir='/usr/share/info' --sysconfdir=/etc --localstatedir=/var --disable-silent-rules --libexecdir='/usr/lib/gcc-mingw-w64' --disable-maintainer-mode --disable-dependency-tracking --prefix=/usr --enable-shared --enable-static --disable-multilib --with-system-zlib --libexecdir=/usr/lib --without-included-gettext --libdir=/usr/lib --enable-libstdcxx-time=yes --with-tune=generic --enable-version-specific-runtime-libs --enable-fully-dynamic-string --enable-libgomp --enable-languages=c,c++,fortran,objc,obj-c++ --enable-lto --with-plugin-ld --enable-threads=win32 --program-suffix=-win32 --program-prefix=x86_64-w64-mingw32- --target=x86_64-w64-mingw32 --with-as=/usr/bin/x86_64-w64-mingw32-as --with-ld=/usr/bin/x86_64-w64-mingw32-ld --disable-libatomic
Thread model: win32
gcc version 5.3.1 20160211 (GCC) 
configure:3510: $? = 0
configure:3499: x86_64-w64-mingw32-gcc -V >&5
x86_64-w64-mingw32-gcc: error: unrecognized command line option '-V'
x86_64-w64-mingw32-gcc: fatal error: no input files
compilation terminated.
configure:3510: $? = 1
configure:3499: x86_64-w64-mingw32-gcc -qversion >&5
x86_64-w64-mingw32-gcc: error: unrecognized command line option '-qversion'
x86_64-w64-mingw32-gcc: fatal error: no input files
compilation terminated.
configure:3510: $? = 1
configure:3530: checking whether the C compiler works
configure:3552: x86_64-w64-mingw32-gcc -pipe -O2  -I/home/caoliang/LMCCC/depends/x86_64-w64-mingw32/include/  -L/home/caoliang/LMCCC/depends/x86_64-w64-mingw32/lib  conftest.c  >&5
configure:3556: $? = 0
configure:3604: result: yes
configure:3607: checking for C compiler default output file name
configure:3609: result: a.exe
configure:3615: checking for suffix of executables
configure:3622: x86_64-w64-mingw32-gcc -o conftest.exe -pipe -O2  -I/home/caoliang/LMCCC/depends/x86_64-w64-mingw32/include/  -L/home/caoliang/LMCCC/depends/x86_64-w64-mingw32/lib  conftest.c  >&5
configure:3626: $? = 0
configure:3648: result: .exe
configure:3670: checking whether we are cross compiling
configure:3678: x86_64-w64-mingw32-gcc -o conftest.exe -pipe -O2  -I/home/caoliang/LMCCC/depends/x86_64-w64-mingw32/include/  -L/home/caoliang/LMCCC/depends/x86_64-w64-mingw32/lib  conftest.c  >&5
configure:3682: $? = 0
configure:3689: ./conftest.exe
./configure: line 3691: ./conftest.exe: cannot execute binary file: Exec format error
configure:3693: $? = 126
configure:3708: result: yes
configure:3713: checking for suffix of object files
configure:3735: x86_64-w64-mingw32-gcc -c -pipe -O2  -I/home/caoliang/LMCCC/depends/x86_64-w64-mingw32/include/  conftest.c >&5
configure:3739: $? = 0
configure:3760: result: o
configure:3764: checking whether we are using the GNU C compiler
configure:3783: x86_64-w64-mingw32-gcc -c -pipe -O2  -I/home/caoliang/LMCCC/depends/x86_64-w64-mingw32/include/  conftest.c >&5
configure:3783: $? = 0
configure:3792: result: yes
configure:3801: checking whether x86_64-w64-mingw32-gcc accepts -g
configure:3821: x86_64-w64-mingw32-gcc -c -g -I/home/caoliang/LMCCC/depends/x86_64-w64-mingw32/include/  conftest.c >&5
configure:3821: $? = 0
configure:3862: result: yes
configure:3879: checking for x86_64-w64-mingw32-gcc option to accept ISO C89
configure:3942: x86_64-w64-mingw32-gcc  -c -pipe -O2  -I/home/caoliang/LMCCC/depends/x86_64-w64-mingw32/include/  conftest.c >&5
configure:3942: $? = 0
configure:3955: result: none needed
configure:3980: checking whether x86_64-w64-mingw32-gcc understands -c and -o together
configure:4002: x86_64-w64-mingw32-gcc -c conftest.c -o conftest2.o
configure:4005: $? = 0
configure:4002: x86_64-w64-mingw32-gcc -c conftest.c -o conftest2.o
configure:4005: $? = 0
configure:4017: result: yes
configure:4036: checking dependency style of x86_64-w64-mingw32-gcc
configure:4147: result: gcc3
configure:4162: checking for a sed that does not truncate output
configure:4226: result: /bin/sed
configure:4244: checking for grep that handles long lines and -e
configure:4302: result: /bin/grep
configure:4307: checking for egrep
configure:4369: result: /bin/grep -E
configure:4374: checking for fgrep
configure:4436: result: /bin/grep -F
configure:4471: checking for ld used by x86_64-w64-mingw32-gcc
configure:4538: result: /usr/bin/x86_64-w64-mingw32-ld
configure:4545: checking if the linker (/usr/bin/x86_64-w64-mingw32-ld) is GNU ld
configure:4560: result: yes
configure:4572: checking for BSD- or MS-compatible name lister (nm)
configure:4626: result: x86_64-w64-mingw32-nm
configure:4756: checking the name lister (x86_64-w64-mingw32-nm) interface
configure:4763: x86_64-w64-mingw32-gcc -c -pipe -O2  -I/home/caoliang/LMCCC/depends/x86_64-w64-mingw32/include/  conftest.c >&5
configure:4766: x86_64-w64-mingw32-nm "conftest.o"
configure:4769: output
0000000000000000 b .bss
0000000000000000 d .data
0000000000000000 r .rdata$zzz
0000000000000000 t .text
0000000000000000 B some_variable
configure:4776: result: BSD nm
configure:4779: checking whether ln -s works
configure:4783: result: yes
configure:4791: checking the maximum length of command line arguments
configure:4922: result: 1572864
configure:4970: checking how to convert x86_64-pc-linux-gnu file names to x86_64-w64-mingw32 format
configure:5010: result: func_convert_file_nix_to_w32
configure:5017: checking how to convert x86_64-pc-linux-gnu file names to toolchain format
configure:5037: result: func_convert_file_noop
configure:5044: checking for /usr/bin/x86_64-w64-mingw32-ld option to reload object files
configure:5051: result: -r
configure:5085: checking for x86_64-w64-mingw32-objdump
configure:5101: found /usr/bin/x86_64-w64-mingw32-objdump
configure:5112: result: x86_64-w64-mingw32-objdump
configure:5184: checking how to recognize dependent libraries
configure:5384: result: file_magic ^x86 archive import|^x86 DLL
configure:5429: checking for x86_64-w64-mingw32-dlltool
configure:5445: found /usr/bin/x86_64-w64-mingw32-dlltool
configure:5456: result: x86_64-w64-mingw32-dlltool
configure:5529: checking how to associate runtime and link libraries
configure:5556: result: func_cygming_dll_for_implib
configure:5573: checking for x86_64-w64-mingw32-ar
configure:5600: result: x86_64-w64-mingw32-ar
configure:5681: checking for archiver @FILE support
configure:5698: x86_64-w64-mingw32-gcc -c -pipe -O2  -I/home/caoliang/LMCCC/depends/x86_64-w64-mingw32/include/  conftest.c >&5
configure:5698: $? = 0
configure:5701: x86_64-w64-mingw32-ar cru libconftest.a @conftest.lst >&5
x86_64-w64-mingw32-ar: `u' modifier ignored since `D' is the default (see `U')
configure:5704: $? = 0
configure:5709: x86_64-w64-mingw32-ar cru libconftest.a @conftest.lst >&5
x86_64-w64-mingw32-ar: `u' modifier ignored since `D' is the default (see `U')
x86_64-w64-mingw32-ar: conftest.o: No such file or directory
configure:5712: $? = 1
configure:5724: result: @
configure:5742: checking for x86_64-w64-mingw32-strip
configure:5769: result: x86_64-w64-mingw32-strip
configure:5841: checking for x86_64-w64-mingw32-ranlib
configure:5868: result: x86_64-w64-mingw32-ranlib
configure:6010: checking command to parse x86_64-w64-mingw32-nm output from x86_64-w64-mingw32-gcc object
configure:6163: x86_64-w64-mingw32-gcc -c -pipe -O2  -I/home/caoliang/LMCCC/depends/x86_64-w64-mingw32/include/  conftest.c >&5
configure:6166: $? = 0
configure:6170: x86_64-w64-mingw32-nm conftest.o \| sed -n -e 's/^.*[ ]\([ABCDGIRSTW][ABCDGIRSTW]*\)[ ][ ]*\([_A-Za-z][_A-Za-z0-9]*\)$/\1 \2 \2/p' | sed '/ __gnu_lto/d' \> conftest.nm
configure:6173: $? = 0
configure:6239: x86_64-w64-mingw32-gcc -o conftest.exe -pipe -O2  -I/home/caoliang/LMCCC/depends/x86_64-w64-mingw32/include/  -L/home/caoliang/LMCCC/depends/x86_64-w64-mingw32/lib  conftest.c conftstm.o >&5
configure:6242: $? = 0
configure:6280: result: ok
configure:6327: checking for sysroot
configure:6357: result: no
configure:6364: checking for a working dd
configure:6402: result: /bin/dd
configure:6406: checking how to truncate binary pipes
configure:6421: result: /bin/dd bs=4096 count=1
configure:6710: checking for x86_64-w64-mingw32-mt
configure:6740: result: no
configure:6750: checking for mt
configure:6766: found /bin/mt
configure:6777: result: mt
configure:6789: WARNING: using cross tools not prefixed with host triplet
configure:6800: checking if mt is a manifest tool
configure:6806: mt '-?'
configure:6814: result: no
configure:7491: checking how to run the C preprocessor
configure:7522: x86_64-w64-mingw32-gcc -E -I/home/caoliang/LMCCC/depends/x86_64-w64-mingw32/include/  conftest.c
configure:7522: $? = 0
configure:7536: x86_64-w64-mingw32-gcc -E -I/home/caoliang/LMCCC/depends/x86_64-w64-mingw32/include/  conftest.c
conftest.c:11:28: fatal error: ac_nonexistent.h: No such file or directory
compilation terminated.
configure:7536: $? = 1
configure: failed program was:
| /* confdefs.h */
| #define PACKAGE_NAME "libsecp256k1"
| #define PACKAGE_TARNAME "libsecp256k1"
| #define PACKAGE_VERSION "0.1"
| #define PACKAGE_STRING "libsecp256k1 0.1"
| #define PACKAGE_BUGREPORT ""
| #define PACKAGE_URL ""
| #define PACKAGE "libsecp256k1"
| #define VERSION "0.1"
| /* end confdefs.h.  */
| #include <ac_nonexistent.h>
configure:7561: result: x86_64-w64-mingw32-gcc -E
configure:7581: x86_64-w64-mingw32-gcc -E -I/home/caoliang/LMCCC/depends/x86_64-w64-mingw32/include/  conftest.c
configure:7581: $? = 0
configure:7595: x86_64-w64-mingw32-gcc -E -I/home/caoliang/LMCCC/depends/x86_64-w64-mingw32/include/  conftest.c
conftest.c:11:28: fatal error: ac_nonexistent.h: No such file or directory
compilation terminated.
configure:7595: $? = 1
configure: failed program was:
| /* confdefs.h */
| #define PACKAGE_NAME "libsecp256k1"
| #define PACKAGE_TARNAME "libsecp256k1"
| #define PACKAGE_VERSION "0.1"
| #define PACKAGE_STRING "libsecp256k1 0.1"
| #define PACKAGE_BUGREPORT ""
| #define PACKAGE_URL ""
| #define PACKAGE "libsecp256k1"
| #define VERSION "0.1"
| /* end confdefs.h.  */
| #include <ac_nonexistent.h>
configure:7624: checking for ANSI C header files
configure:7644: x86_64-w64-mingw32-gcc -c -pipe -O2  -I/home/caoliang/LMCCC/depends/x86_64-w64-mingw32/include/  conftest.c >&5
configure:7644: $? = 0
configure:7728: result: yes
configure:7741: checking for sys/types.h
configure:7741: x86_64-w64-mingw32-gcc -c -pipe -O2  -I/home/caoliang/LMCCC/depends/x86_64-w64-mingw32/include/  conftest.c >&5
configure:7741: $? = 0
configure:7741: result: yes
configure:7741: checking for sys/stat.h
configure:7741: x86_64-w64-mingw32-gcc -c -pipe -O2  -I/home/caoliang/LMCCC/depends/x86_64-w64-mingw32/include/  conftest.c >&5
configure:7741: $? = 0
configure:7741: result: yes
configure:7741: checking for stdlib.h
configure:7741: x86_64-w64-mingw32-gcc -c -pipe -O2  -I/home/caoliang/LMCCC/depends/x86_64-w64-mingw32/include/  conftest.c >&5
configure:7741: $? = 0
configure:7741: result: yes
configure:7741: checking for string.h
configure:7741: x86_64-w64-mingw32-gcc -c -pipe -O2  -I/home/caoliang/LMCCC/depends/x86_64-w64-mingw32/include/  conftest.c >&5
configure:7741: $? = 0
configure:7741: result: yes
configure:7741: checking for memory.h
configure:7741: x86_64-w64-mingw32-gcc -c -pipe -O2  -I/home/caoliang/LMCCC/depends/x86_64-w64-mingw32/include/  conftest.c >&5
configure:7741: $? = 0
configure:7741: result: yes
configure:7741: checking for strings.h
configure:7741: x86_64-w64-mingw32-gcc -c -pipe -O2  -I/home/caoliang/LMCCC/depends/x86_64-w64-mingw32/include/  conftest.c >&5
configure:7741: $? = 0
configure:7741: result: yes
configure:7741: checking for inttypes.h
configure:7741: x86_64-w64-mingw32-gcc -c -pipe -O2  -I/home/caoliang/LMCCC/depends/x86_64-w64-mingw32/include/  conftest.c >&5
configure:7741: $? = 0
configure:7741: result: yes
configure:7741: checking for stdint.h
configure:7741: x86_64-w64-mingw32-gcc -c -pipe -O2  -I/home/caoliang/LMCCC/depends/x86_64-w64-mingw32/include/  conftest.c >&5
configure:7741: $? = 0
configure:7741: result: yes
configure:7741: checking for unistd.h
configure:7741: x86_64-w64-mingw32-gcc -c -pipe -O2  -I/home/caoliang/LMCCC/depends/x86_64-w64-mingw32/include/  conftest.c >&5
configure:7741: $? = 0
configure:7741: result: yes
configure:7755: checking for dlfcn.h
configure:7755: x86_64-w64-mingw32-gcc -c -pipe -O2  -I/home/caoliang/LMCCC/depends/x86_64-w64-mingw32/include/  conftest.c >&5
conftest.c:55:19: fatal error: dlfcn.h: No such file or directory
compilation terminated.
configure:7755: $? = 1
configure: failed program was:
| /* confdefs.h */
| #define PACKAGE_NAME "libsecp256k1"
| #define PACKAGE_TARNAME "libsecp256k1"
| #define PACKAGE_VERSION "0.1"
| #define PACKAGE_STRING "libsecp256k1 0.1"
| #define PACKAGE_BUGREPORT ""
| #define PACKAGE_URL ""
| #define PACKAGE "libsecp256k1"
| #define VERSION "0.1"
| #define STDC_HEADERS 1
| #define HAVE_SYS_TYPES_H 1
| #define HAVE_SYS_STAT_H 1
| #define HAVE_STDLIB_H 1
| #define HAVE_STRING_H 1
| #define HAVE_MEMORY_H 1
| #define HAVE_STRINGS_H 1
| #define HAVE_INTTYPES_H 1
| #define HAVE_STDINT_H 1
| #define HAVE_UNISTD_H 1
| /* end confdefs.h.  */
| #include <stdio.h>
| #ifdef HAVE_SYS_TYPES_H
| # include <sys/types.h>
| #endif
| #ifdef HAVE_SYS_STAT_H
| # include <sys/stat.h>
| #endif
| #ifdef STDC_HEADERS
| # include <stdlib.h>
| # include <stddef.h>
| #else
| # ifdef HAVE_STDLIB_H
| #  include <stdlib.h>
| # endif
| #endif
| #ifdef HAVE_STRING_H
| # if !defined STDC_HEADERS && defined HAVE_MEMORY_H
| #  include <memory.h>
| # endif
| # include <string.h>
| #endif
| #ifdef HAVE_STRINGS_H
| # include <strings.h>
| #endif
| #ifdef HAVE_INTTYPES_H
| # include <inttypes.h>
| #endif
| #ifdef HAVE_STDINT_H
| # include <stdint.h>
| #endif
| #ifdef HAVE_UNISTD_H
| # include <unistd.h>
| #endif
| 
| #include <dlfcn.h>
configure:7755: result: no
configure:8011: checking for objdir
configure:8026: result: .libs
configure:8290: checking if x86_64-w64-mingw32-gcc supports -fno-rtti -fno-exceptions
configure:8308: x86_64-w64-mingw32-gcc -c -pipe -O2  -I/home/caoliang/LMCCC/depends/x86_64-w64-mingw32/include/  -fno-rtti -fno-exceptions conftest.c >&5
cc1: warning: command line option '-fno-rtti' is valid for C++/ObjC++ but not for C
configure:8312: $? = 0
configure:8325: result: no
configure:8683: checking for x86_64-w64-mingw32-gcc option to produce PIC
configure:8690: result: -DDLL_EXPORT -DPIC
configure:8698: checking if x86_64-w64-mingw32-gcc PIC flag -DDLL_EXPORT -DPIC works
configure:8716: x86_64-w64-mingw32-gcc -c -pipe -O2  -I/home/caoliang/LMCCC/depends/x86_64-w64-mingw32/include/  -DDLL_EXPORT -DPIC -DPIC conftest.c >&5
configure:8720: $? = 0
configure:8733: result: yes
configure:8762: checking if x86_64-w64-mingw32-gcc static flag -static works
configure:8790: result: yes
configure:8805: checking if x86_64-w64-mingw32-gcc supports -c -o file.o
configure:8826: x86_64-w64-mingw32-gcc -c -pipe -O2  -I/home/caoliang/LMCCC/depends/x86_64-w64-mingw32/include/  -o out/conftest2.o conftest.c >&5
configure:8830: $? = 0
configure:8852: result: yes
configure:8860: checking if x86_64-w64-mingw32-gcc supports -c -o file.o
configure:8907: result: yes
configure:8940: checking whether the x86_64-w64-mingw32-gcc linker (/usr/bin/x86_64-w64-mingw32-ld) supports shared libraries
configure:10203: result: yes
configure:10443: checking dynamic linker characteristics
configure:11273: result: Win32 ld.exe
configure:11395: checking how to hardcode library paths into programs
configure:11420: result: immediate
configure:11968: checking whether stripping libraries is possible
configure:11973: result: yes
configure:12008: checking if libtool supports shared libraries
configure:12010: result: yes
configure:12013: checking whether to build shared libraries
configure:12038: result: no
configure:12041: checking whether to build static libraries
configure:12045: result: yes
configure:12094: checking whether make supports nested variables
configure:12111: result: yes
configure:12134: checking for x86_64-w64-mingw32-pkg-config
configure:12164: result: /usr/bin/pkg-config --static
configure:12232: checking pkg-config is at least version 0.9.0
configure:12235: result: yes
configure:12247: checking for x86_64-w64-mingw32-ar
configure:12265: found /usr/bin/x86_64-w64-mingw32-ar
configure:12277: result: /usr/bin/x86_64-w64-mingw32-ar
configure:12345: checking for x86_64-w64-mingw32-ranlib
configure:12363: found /usr/bin/x86_64-w64-mingw32-ranlib
configure:12375: result: /usr/bin/x86_64-w64-mingw32-ranlib
configure:12443: checking for x86_64-w64-mingw32-strip
configure:12461: found /usr/bin/x86_64-w64-mingw32-strip
configure:12473: result: /usr/bin/x86_64-w64-mingw32-strip
configure:12594: checking for gcc
configure:12610: found /usr/bin/gcc
configure:12621: result: gcc
configure:12850: checking for C compiler version
configure:12859: gcc --version >&5
gcc (Ubuntu 5.4.0-6ubuntu1~16.04.5) 5.4.0 20160609
Copyright (C) 2015 Free Software Foundation, Inc.
This is free software; see the source for copying conditions.  There is NO
warranty; not even for MERCHANTABILITY or FITNESS FOR A PARTICULAR PURPOSE.

configure:12870: $? = 0
configure:12859: gcc -v >&5
Using built-in specs.
COLLECT_GCC=gcc
COLLECT_LTO_WRAPPER=/usr/lib/gcc/x86_64-linux-gnu/5/lto-wrapper
Target: x86_64-linux-gnu
Configured with: ../src/configure -v --with-pkgversion='Ubuntu 5.4.0-6ubuntu1~16.04.5' --with-bugurl=file:///usr/share/doc/gcc-5/README.Bugs --enable-languages=c,ada,c++,java,go,d,fortran,objc,obj-c++ --prefix=/usr --program-suffix=-5 --enable-shared --enable-linker-build-id --libexecdir=/usr/lib --without-included-gettext --enable-threads=posix --libdir=/usr/lib --enable-nls --with-sysroot=/ --enable-clocale=gnu --enable-libstdcxx-debug --enable-libstdcxx-time=yes --with-default-libstdcxx-abi=new --enable-gnu-unique-object --disable-vtable-verify --enable-libmpx --enable-plugin --with-system-zlib --disable-browser-plugin --enable-java-awt=gtk --enable-gtk-cairo --with-java-home=/usr/lib/jvm/java-1.5.0-gcj-5-amd64/jre --enable-java-home --with-jvm-root-dir=/usr/lib/jvm/java-1.5.0-gcj-5-amd64 --with-jvm-jar-dir=/usr/lib/jvm-exports/java-1.5.0-gcj-5-amd64 --with-arch-directory=amd64 --with-ecj-jar=/usr/share/java/eclipse-ecj.jar --enable-objc-gc --enable-multiarch --disable-werror --with-arch-32=i686 --with-abi=m64 --with-multilib-list=m32,m64,mx32 --enable-multilib --with-tune=generic --enable-checking=release --build=x86_64-linux-gnu --host=x86_64-linux-gnu --target=x86_64-linux-gnu
Thread model: posix
gcc version 5.4.0 20160609 (Ubuntu 5.4.0-6ubuntu1~16.04.5) 
configure:12870: $? = 0
configure:12859: gcc -V >&5
gcc: error: unrecognized command line option '-V'
gcc: fatal error: no input files
compilation terminated.
configure:12870: $? = 1
configure:12859: gcc -qversion >&5
gcc: error: unrecognized command line option '-qversion'
gcc: fatal error: no input files
compilation terminated.
configure:12870: $? = 1
configure:12874: checking whether we are using the GNU C compiler
configure:12902: result: yes
configure:12911: checking whether gcc accepts -g
configure:12931: x86_64-w64-mingw32-gcc -c -pipe -O2  -I/home/caoliang/LMCCC/depends/x86_64-w64-mingw32/include/  conftest.c >&5
configure:12931: $? = 0
configure:12972: result: yes
configure:12989: checking for gcc option to accept ISO C89
configure:13065: result: none needed
configure:13090: checking whether gcc understands -c and -o together
configure:13127: result: yes
configure:13146: checking dependency style of gcc
configure:13257: result: gcc3
configure:13277: checking how to run the C preprocessor
configure:13308: x86_64-w64-mingw32-gcc -E -I/home/caoliang/LMCCC/depends/x86_64-w64-mingw32/include/  conftest.c
configure:13308: $? = 0
configure:13322: x86_64-w64-mingw32-gcc -E -I/home/caoliang/LMCCC/depends/x86_64-w64-mingw32/include/  conftest.c
conftest.c:22:28: fatal error: ac_nonexistent.h: No such file or directory
compilation terminated.
configure:13322: $? = 1
configure: failed program was:
| /* confdefs.h */
| #define PACKAGE_NAME "libsecp256k1"
| #define PACKAGE_TARNAME "libsecp256k1"
| #define PACKAGE_VERSION "0.1"
| #define PACKAGE_STRING "libsecp256k1 0.1"
| #define PACKAGE_BUGREPORT ""
| #define PACKAGE_URL ""
| #define PACKAGE "libsecp256k1"
| #define VERSION "0.1"
| #define STDC_HEADERS 1
| #define HAVE_SYS_TYPES_H 1
| #define HAVE_SYS_STAT_H 1
| #define HAVE_STDLIB_H 1
| #define HAVE_STRING_H 1
| #define HAVE_MEMORY_H 1
| #define HAVE_STRINGS_H 1
| #define HAVE_INTTYPES_H 1
| #define HAVE_STDINT_H 1
| #define HAVE_UNISTD_H 1
| #define LT_OBJDIR ".libs/"
| /* end confdefs.h.  */
| #include <ac_nonexistent.h>
configure:13347: result: gcc -E
configure:13367: x86_64-w64-mingw32-gcc -E -I/home/caoliang/LMCCC/depends/x86_64-w64-mingw32/include/  conftest.c
configure:13367: $? = 0
configure:13381: x86_64-w64-mingw32-gcc -E -I/home/caoliang/LMCCC/depends/x86_64-w64-mingw32/include/  conftest.c
conftest.c:22:28: fatal error: ac_nonexistent.h: No such file or directory
compilation terminated.
configure:13381: $? = 1
configure: failed program was:
| /* confdefs.h */
| #define PACKAGE_NAME "libsecp256k1"
| #define PACKAGE_TARNAME "libsecp256k1"
| #define PACKAGE_VERSION "0.1"
| #define PACKAGE_STRING "libsecp256k1 0.1"
| #define PACKAGE_BUGREPORT ""
| #define PACKAGE_URL ""
| #define PACKAGE "libsecp256k1"
| #define VERSION "0.1"
| #define STDC_HEADERS 1
| #define HAVE_SYS_TYPES_H 1
| #define HAVE_SYS_STAT_H 1
| #define HAVE_STDLIB_H 1
| #define HAVE_STRING_H 1
| #define HAVE_MEMORY_H 1
| #define HAVE_STRINGS_H 1
| #define HAVE_INTTYPES_H 1
| #define HAVE_STDINT_H 1
| #define HAVE_UNISTD_H 1
| #define LT_OBJDIR ".libs/"
| /* end confdefs.h.  */
| #include <ac_nonexistent.h>
configure:13425: checking for x86_64-w64-mingw32-gcc option to accept ISO C89
configure:13501: result: none needed
configure:13630: checking if x86_64-w64-mingw32-gcc supports -std=c89 -pedantic -Wall -Wextra -Wcast-align -Wnested-externs -Wshadow -Wstrict-prototypes -Wno-unused-function -Wno-long-long -Wno-overlength-strings
configure:13636: x86_64-w64-mingw32-gcc -c -pipe -O2  -W -std=c89 -pedantic -Wall -Wextra -Wcast-align -Wnested-externs -Wshadow -Wstrict-prototypes -Wno-unused-function -Wno-long-long -Wno-overlength-strings -I/home/caoliang/LMCCC/depends/x86_64-w64-mingw32/include/  conftest.c >&5
configure:13636: $? = 0
configure:13637: result: yes
configure:13649: checking if x86_64-w64-mingw32-gcc supports -fvisibility=hidden
configure:13655: x86_64-w64-mingw32-gcc -c -pipe -O2  -W -std=c89 -pedantic -Wall -Wextra -Wcast-align -Wnested-externs -Wshadow -Wstrict-prototypes -Wno-unused-function -Wno-long-long -Wno-overlength-strings -fvisibility=hidden -I/home/caoliang/LMCCC/depends/x86_64-w64-mingw32/include/  conftest.c >&5
configure:13655: $? = 0
configure:13656: result: yes
configure:13758: checking for __int128
configure:13758: x86_64-w64-mingw32-gcc -c -pipe -O2  -W -std=c89 -pedantic -Wall -Wextra -Wcast-align -Wnested-externs -Wshadow -Wstrict-prototypes -Wno-unused-function -Wno-long-long -Wno-overlength-strings -fvisibility=hidden -I/home/caoliang/LMCCC/depends/x86_64-w64-mingw32/include/  conftest.c >&5
conftest.c:56:1: warning: function declaration isn't a prototype [-Wstrict-prototypes]
 main ()
 ^
conftest.c: In function 'main':
conftest.c:58:13: warning: ISO C does not support '__int128' types [-Wpedantic]
 if (sizeof (__int128))
             ^
configure:13758: $? = 0
configure:13758: x86_64-w64-mingw32-gcc -c -pipe -O2  -W -std=c89 -pedantic -Wall -Wextra -Wcast-align -Wnested-externs -Wshadow -Wstrict-prototypes -Wno-unused-function -Wno-long-long -Wno-overlength-strings -fvisibility=hidden -I/home/caoliang/LMCCC/depends/x86_64-w64-mingw32/include/  conftest.c >&5
conftest.c:56:1: warning: function declaration isn't a prototype [-Wstrict-prototypes]
 main ()
 ^
conftest.c: In function 'main':
conftest.c:58:14: warning: ISO C does not support '__int128' types [-Wpedantic]
 if (sizeof ((__int128)))
              ^
conftest.c:58:23: error: expected expression before ')' token
 if (sizeof ((__int128)))
                       ^
configure:13758: $? = 1
configure: failed program was:
| /* confdefs.h */
| #define PACKAGE_NAME "libsecp256k1"
| #define PACKAGE_TARNAME "libsecp256k1"
| #define PACKAGE_VERSION "0.1"
| #define PACKAGE_STRING "libsecp256k1 0.1"
| #define PACKAGE_BUGREPORT ""
| #define PACKAGE_URL ""
| #define PACKAGE "libsecp256k1"
| #define VERSION "0.1"
| #define STDC_HEADERS 1
| #define HAVE_SYS_TYPES_H 1
| #define HAVE_SYS_STAT_H 1
| #define HAVE_STDLIB_H 1
| #define HAVE_STRING_H 1
| #define HAVE_MEMORY_H 1
| #define HAVE_STRINGS_H 1
| #define HAVE_INTTYPES_H 1
| #define HAVE_STDINT_H 1
| #define HAVE_UNISTD_H 1
| #define LT_OBJDIR ".libs/"
| /* end confdefs.h.  */
| #include <stdio.h>
| #ifdef HAVE_SYS_TYPES_H
| # include <sys/types.h>
| #endif
| #ifdef HAVE_SYS_STAT_H
| # include <sys/stat.h>
| #endif
| #ifdef STDC_HEADERS
| # include <stdlib.h>
| # include <stddef.h>
| #else
| # ifdef HAVE_STDLIB_H
| #  include <stdlib.h>
| # endif
| #endif
| #ifdef HAVE_STRING_H
| # if !defined STDC_HEADERS && defined HAVE_MEMORY_H
| #  include <memory.h>
| # endif
| # include <string.h>
| #endif
| #ifdef HAVE_STRINGS_H
| # include <strings.h>
| #endif
| #ifdef HAVE_INTTYPES_H
| # include <inttypes.h>
| #endif
| #ifdef HAVE_STDINT_H
| # include <stdint.h>
| #endif
| #ifdef HAVE_UNISTD_H
| # include <unistd.h>
| #endif
| int
| main ()
| {
| if (sizeof ((__int128)))
| 	    return 0;
|   ;
|   return 0;
| }
configure:13758: result: yes
configure:13769: checking for __builtin_expect
configure:13775: x86_64-w64-mingw32-gcc -c -pipe -O2  -W -std=c89 -pedantic -Wall -Wextra -Wcast-align -Wnested-externs -Wshadow -Wstrict-prototypes -Wno-unused-function -Wno-long-long -Wno-overlength-strings -fvisibility=hidden -I/home/caoliang/LMCCC/depends/x86_64-w64-mingw32/include/  conftest.c >&5
conftest.c:23:6: warning: function declaration isn't a prototype [-Wstrict-prototypes]
 void myfunc() {__builtin_expect(0,0);}
      ^
conftest.c: In function 'myfunc':
conftest.c:23:16: warning: statement with no effect [-Wunused-value]
 void myfunc() {__builtin_expect(0,0);}
                ^
configure:13775: $? = 0
configure:13776: result: yes
configure:13789: checking for x86_64 assembly availability
configure:13806: x86_64-w64-mingw32-gcc -c -pipe -O2  -W -std=c89 -pedantic -Wall -Wextra -Wcast-align -Wnested-externs -Wshadow -Wstrict-prototypes -Wno-unused-function -Wno-long-long -Wno-overlength-strings -fvisibility=hidden -I/home/caoliang/LMCCC/depends/x86_64-w64-mingw32/include/  conftest.c >&5
conftest.c:27:1: warning: function declaration isn't a prototype [-Wstrict-prototypes]
 main ()
 ^
conftest.c: In function 'main':
conftest.c:31:3: warning: 'tmp' is used uninitialized in this function [-Wuninitialized]
   __asm__ __volatile__("movq SECP_64BIT_ASM_CHECKx100000000,%1; mulq %%rsi" : "+a"(a) : "S"(tmp) : "cc", "%rdx");
   ^
configure:13806: $? = 0
configure:13812: result: yes
configure:14153: checking for CRYPTO
configure:14160: $PKG_CONFIG --exists --print-errors "libcrypto"
configure:14163: $? = 0
configure:14177: $PKG_CONFIG --exists --print-errors "libcrypto"
configure:14180: $? = 0
configure:14218: result: yes
configure:14225: checking for main in -lcrypto
configure:14244: x86_64-w64-mingw32-gcc -o conftest.exe -pipe -O2  -W -std=c89 -pedantic -Wall -Wextra -Wcast-align -Wnested-externs -Wshadow -Wstrict-prototypes -Wno-unused-function -Wno-long-long -Wno-overlength-strings -fvisibility=hidden -I/home/caoliang/LMCCC/depends/x86_64-w64-mingw32/include/  -L/home/caoliang/LMCCC/depends/x86_64-w64-mingw32/lib  conftest.c -lcrypto   -L/home/caoliang/LMCCC/depends/x86_64-w64-mingw32/lib -lcrypto -lws2_32 -lgdi32 -lcrypt32 >&5
conftest.c:33:1: warning: function declaration isn't a prototype [-Wstrict-prototypes]
 main ()
 ^
configure:14244: $? = 0
configure:14253: result: yes
configure:14317: checking for EC functions in libcrypto
configure:14338: x86_64-w64-mingw32-gcc -c -pipe -O2  -W -std=c89 -pedantic -Wall -Wextra -Wcast-align -Wnested-externs -Wshadow -Wstrict-prototypes -Wno-unused-function -Wno-long-long -Wno-overlength-strings -fvisibility=hidden -I/home/caoliang/LMCCC/depends/x86_64-w64-mingw32/include/  conftest.c >&5
conftest.c:36:1: warning: function declaration isn't a prototype [-Wstrict-prototypes]
 main ()
 ^
configure:14338: $? = 0
configure:14344: result: yes
configure:14399: checking whether byte ordering is bigendian
configure:14414: x86_64-w64-mingw32-gcc -c -pipe -O2  -W -std=c89 -pedantic -Wall -Wextra -Wcast-align -Wnested-externs -Wshadow -Wstrict-prototypes -Wno-unused-function -Wno-long-long -Wno-overlength-strings -fvisibility=hidden -I/home/caoliang/LMCCC/depends/x86_64-w64-mingw32/include/  conftest.c >&5
conftest.c:35:9: error: unknown type name 'not'
         not a universal capable compiler
         ^
conftest.c:35:15: error: expected '=', ',', ';', 'asm' or '__attribute__' before 'universal'
         not a universal capable compiler
               ^
conftest.c:35:15: error: unknown type name 'universal'
configure:14414: $? = 1
configure: failed program was:
| /* confdefs.h */
| #define PACKAGE_NAME "libsecp256k1"
| #define PACKAGE_TARNAME "libsecp256k1"
| #define PACKAGE_VERSION "0.1"
| #define PACKAGE_STRING "libsecp256k1 0.1"
| #define PACKAGE_BUGREPORT ""
| #define PACKAGE_URL ""
| #define PACKAGE "libsecp256k1"
| #define VERSION "0.1"
| #define STDC_HEADERS 1
| #define HAVE_SYS_TYPES_H 1
| #define HAVE_SYS_STAT_H 1
| #define HAVE_STDLIB_H 1
| #define HAVE_STRING_H 1
| #define HAVE_MEMORY_H 1
| #define HAVE_STRINGS_H 1
| #define HAVE_INTTYPES_H 1
| #define HAVE_STDINT_H 1
| #define HAVE_UNISTD_H 1
| #define LT_OBJDIR ".libs/"
| #define HAVE___INT128 1
| #define HAVE_BUILTIN_EXPECT 1
| #define USE_ASM_X86_64 1
| #define USE_FIELD_5X52 1
| #define USE_NUM_NONE 1
| #define USE_FIELD_INV_BUILTIN 1
| #define USE_SCALAR_INV_BUILTIN 1
| #define USE_SCALAR_4X64 1
| #define HAVE_LIBCRYPTO 1
| #define ENABLE_OPENSSL_TESTS 1
| #define USE_ECMULT_STATIC_PRECOMPUTATION 1
| #define ENABLE_MODULE_RECOVERY 1
| /* end confdefs.h.  */
| #ifndef __APPLE_CC__
| 	       not a universal capable compiler
| 	     #endif
| 	     typedef int dummy;
| 
configure:14459: x86_64-w64-mingw32-gcc -c -pipe -O2  -W -std=c89 -pedantic -Wall -Wextra -Wcast-align -Wnested-externs -Wshadow -Wstrict-prototypes -Wno-unused-function -Wno-long-long -Wno-overlength-strings -fvisibility=hidden -I/home/caoliang/LMCCC/depends/x86_64-w64-mingw32/include/  conftest.c >&5
conftest.c:38:1: warning: function declaration isn't a prototype [-Wstrict-prototypes]
 main ()
 ^
configure:14459: $? = 0
configure:14477: x86_64-w64-mingw32-gcc -c -pipe -O2  -W -std=c89 -pedantic -Wall -Wextra -Wcast-align -Wnested-externs -Wshadow -Wstrict-prototypes -Wno-unused-function -Wno-long-long -Wno-overlength-strings -fvisibility=hidden -I/home/caoliang/LMCCC/depends/x86_64-w64-mingw32/include/  conftest.c >&5
conftest.c:38:1: warning: function declaration isn't a prototype [-Wstrict-prototypes]
 main ()
 ^
conftest.c: In function 'main':
conftest.c:41:4: error: unknown type name 'not'
    not big endian
    ^
conftest.c:41:12: error: expected '=', ',', ';', 'asm' or '__attribute__' before 'endian'
    not big endian
            ^
configure:14477: $? = 1
configure: failed program was:
| /* confdefs.h */
| #define PACKAGE_NAME "libsecp256k1"
| #define PACKAGE_TARNAME "libsecp256k1"
| #define PACKAGE_VERSION "0.1"
| #define PACKAGE_STRING "libsecp256k1 0.1"
| #define PACKAGE_BUGREPORT ""
| #define PACKAGE_URL ""
| #define PACKAGE "libsecp256k1"
| #define VERSION "0.1"
| #define STDC_HEADERS 1
| #define HAVE_SYS_TYPES_H 1
| #define HAVE_SYS_STAT_H 1
| #define HAVE_STDLIB_H 1
| #define HAVE_STRING_H 1
| #define HAVE_MEMORY_H 1
| #define HAVE_STRINGS_H 1
| #define HAVE_INTTYPES_H 1
| #define HAVE_STDINT_H 1
| #define HAVE_UNISTD_H 1
| #define LT_OBJDIR ".libs/"
| #define HAVE___INT128 1
| #define HAVE_BUILTIN_EXPECT 1
| #define USE_ASM_X86_64 1
| #define USE_FIELD_5X52 1
| #define USE_NUM_NONE 1
| #define USE_FIELD_INV_BUILTIN 1
| #define USE_SCALAR_INV_BUILTIN 1
| #define USE_SCALAR_4X64 1
| #define HAVE_LIBCRYPTO 1
| #define ENABLE_OPENSSL_TESTS 1
| #define USE_ECMULT_STATIC_PRECOMPUTATION 1
| #define ENABLE_MODULE_RECOVERY 1
| /* end confdefs.h.  */
| #include <sys/types.h>
| 		#include <sys/param.h>
| 
| int
| main ()
| {
| #if BYTE_ORDER != BIG_ENDIAN
| 		 not big endian
| 		#endif
| 
|   ;
|   return 0;
| }
configure:14605: result: no
configure:14624: Using assembly optimizations: x86_64
configure:14626: Using field implementation: 64bit
configure:14628: Using bignum implementation: no
configure:14630: Using scalar implementation: 64bit
configure:14632: Using endomorphism optimizations: no
configure:14634: Building ECDH module: no
configure:14637: Building Schnorr signatures module: no
configure:14639: Building ECDSA pubkey recovery module: yes
configure:14812: checking that generated files are newer than configure
configure:14818: result: done
configure:14870: creating ./config.status

## ---------------------- ##
## Running config.status. ##
## ---------------------- ##

This file was extended by libsecp256k1 config.status 0.1, which was
generated by GNU Autoconf 2.69.  Invocation command line was

  CONFIG_FILES    = 
  CONFIG_HEADERS  = 
  CONFIG_LINKS    = 
  CONFIG_COMMANDS = 
  $ ./config.status 

on ubuntu

config.status:1141: creating Makefile
config.status:1141: creating libsecp256k1.pc
config.status:1141: creating src/libsecp256k1-config.h
config.status:1370: executing depfiles commands
config.status:1370: executing libtool commands

## ---------------- ##
## Cache variables. ##
## ---------------- ##

ac_cv_build=x86_64-pc-linux-gnu
ac_cv_build_prog_CPP='gcc -E'
ac_cv_build_prog_cc_g=yes
ac_cv_c_bigendian=no
ac_cv_c_compiler_gnu=yes
ac_cv_env_CC_set=
ac_cv_env_CC_value=
ac_cv_env_CFLAGS_set=
ac_cv_env_CFLAGS_value=
ac_cv_env_CPPFLAGS_set=
ac_cv_env_CPPFLAGS_value=
ac_cv_env_CPP_set=
ac_cv_env_CPP_value=
ac_cv_env_CRYPTO_CFLAGS_set=
ac_cv_env_CRYPTO_CFLAGS_value=
ac_cv_env_CRYPTO_LIBS_set=
ac_cv_env_CRYPTO_LIBS_value=
ac_cv_env_LDFLAGS_set=
ac_cv_env_LDFLAGS_value=
ac_cv_env_LIBS_set=
ac_cv_env_LIBS_value=
ac_cv_env_LT_SYS_LIBRARY_PATH_set=
ac_cv_env_LT_SYS_LIBRARY_PATH_value=
ac_cv_env_PKG_CONFIG_LIBDIR_set=
ac_cv_env_PKG_CONFIG_LIBDIR_value=
ac_cv_env_PKG_CONFIG_PATH_set=
ac_cv_env_PKG_CONFIG_PATH_value=
ac_cv_env_PKG_CONFIG_set=
ac_cv_env_PKG_CONFIG_value=
ac_cv_env_build_alias_set=
ac_cv_env_build_alias_value=
ac_cv_env_host_alias_set=
ac_cv_env_host_alias_value=
ac_cv_env_target_alias_set=
ac_cv_env_target_alias_value=
ac_cv_exeext=.exe
ac_cv_header_dlfcn_h=no
ac_cv_header_inttypes_h=yes
ac_cv_header_memory_h=yes
ac_cv_header_stdc=yes
ac_cv_header_stdint_h=yes
ac_cv_header_stdlib_h=yes
ac_cv_header_string_h=yes
ac_cv_header_strings_h=yes
ac_cv_header_sys_stat_h=yes
ac_cv_header_sys_types_h=yes
ac_cv_header_unistd_h=yes
ac_cv_host=x86_64-w64-mingw32
ac_cv_lib_crypto_main=yes
ac_cv_objext=o
ac_cv_path_AR=/usr/bin/x86_64-w64-mingw32-ar
ac_cv_path_EGREP='/bin/grep -E'
ac_cv_path_FGREP='/bin/grep -F'
ac_cv_path_GREP=/bin/grep
ac_cv_path_PKG_CONFIG='/usr/bin/pkg-config --static'
ac_cv_path_RANLIB=/usr/bin/x86_64-w64-mingw32-ranlib
ac_cv_path_SED=/bin/sed
ac_cv_path_STRIP=/usr/bin/x86_64-w64-mingw32-strip
ac_cv_path_ac_pt_AR=x86_64-w64-mingw32-ar
ac_cv_path_ac_pt_NM=x86_64-w64-mingw32-nm
ac_cv_path_ac_pt_RANLIB=x86_64-w64-mingw32-ranlib
ac_cv_path_install='/usr/bin/install -c'
ac_cv_path_lt_DD=/bin/dd
ac_cv_path_mkdir=/bin/mkdir
ac_cv_prog_AR=x86_64-w64-mingw32-ar
ac_cv_prog_AWK=mawk
ac_cv_prog_CC=x86_64-w64-mingw32-gcc
ac_cv_prog_CPP='x86_64-w64-mingw32-gcc -E'
ac_cv_prog_DLLTOOL=x86_64-w64-mingw32-dlltool
ac_cv_prog_OBJDUMP=x86_64-w64-mingw32-objdump
ac_cv_prog_RANLIB=x86_64-w64-mingw32-ranlib
ac_cv_prog_STRIP=x86_64-w64-mingw32-strip
ac_cv_prog_ac_ct_CC_FOR_BUILD=gcc
ac_cv_prog_ac_ct_MANIFEST_TOOL=mt
ac_cv_prog_cc_c89=
ac_cv_prog_cc_g=yes
ac_cv_prog_make_make_set=yes
ac_cv_type___int128=yes
am_cv_CC_dependencies_compiler_type=gcc3
am_cv_make_support_nested_variables=yes
am_cv_prog_cc_c_o=yes
lt_cv_ar_at_file=@
lt_cv_deplibs_check_method='file_magic ^x86 archive import|^x86 DLL'
lt_cv_file_magic_cmd=func_win32_libid
lt_cv_file_magic_test_file=
lt_cv_ld_reload_flag=-r
lt_cv_nm_interface='BSD nm'
lt_cv_objdir=.libs
lt_cv_path_LD=/usr/bin/x86_64-w64-mingw32-ld
lt_cv_path_NM=x86_64-w64-mingw32-nm
lt_cv_path_mainfest_tool=no
lt_cv_prog_compiler_c_o=yes
lt_cv_prog_compiler_pic='-DDLL_EXPORT -DPIC'
lt_cv_prog_compiler_pic_works=yes
lt_cv_prog_compiler_rtti_exceptions=no
lt_cv_prog_compiler_static_works=yes
lt_cv_prog_gnu_ld=yes
lt_cv_sharedlib_from_linklib_cmd=func_cygming_dll_for_implib
lt_cv_sys_global_symbol_pipe='sed -n -e '\''s/^.*[	 ]\([ABCDGIRSTW][ABCDGIRSTW]*\)[	 ][	 ]*\([_A-Za-z][_A-Za-z0-9]*\)$/\1 \2 \2/p'\'' | sed '\''/ __gnu_lto/d'\'''
lt_cv_sys_global_symbol_to_c_name_address='sed -n -e '\''s/^: \(.*\) .*$/  {"\1", (void *) 0},/p'\'' -e '\''s/^[ABCDGIRSTW][ABCDGIRSTW]* .* \(.*\)$/  {"\1", (void *) \&\1},/p'\'''
lt_cv_sys_global_symbol_to_c_name_address_lib_prefix='sed -n -e '\''s/^: \(.*\) .*$/  {"\1", (void *) 0},/p'\'' -e '\''s/^[ABCDGIRSTW][ABCDGIRSTW]* .* \(lib.*\)$/  {"\1", (void *) \&\1},/p'\'' -e '\''s/^[ABCDGIRSTW][ABCDGIRSTW]* .* \(.*\)$/  {"lib\1", (void *) \&\1},/p'\'''
lt_cv_sys_global_symbol_to_cdecl='sed -n -e '\''s/^T .* \(.*\)$/extern int \1();/p'\'' -e '\''s/^[ABCDGIRSTW][ABCDGIRSTW]* .* \(.*\)$/extern char \1;/p'\'''
lt_cv_sys_global_symbol_to_import=
lt_cv_sys_max_cmd_len=1572864
lt_cv_to_host_file_cmd=func_convert_file_nix_to_w32
lt_cv_to_tool_file_cmd=func_convert_file_noop
lt_cv_truncate_bin='/bin/dd bs=4096 count=1'
pkg_cv_CRYPTO_CFLAGS=-I/home/caoliang/LMCCC/depends/x86_64-w64-mingw32/include
pkg_cv_CRYPTO_LIBS='-L/home/caoliang/LMCCC/depends/x86_64-w64-mingw32/lib -lcrypto -lws2_32 -lgdi32 -lcrypt32'

## ----------------- ##
## Output variables. ##
## ----------------- ##

ACLOCAL='${SHELL} /home/caoliang/LMCCC/src/secp256k1/build-aux/missing aclocal-1.15'
AMDEPBACKSLASH='\'
AMDEP_FALSE='#'
AMDEP_TRUE=''
AMTAR='$${TAR-tar}'
AM_BACKSLASH='\'
AM_DEFAULT_V='$(AM_DEFAULT_VERBOSITY)'
AM_DEFAULT_VERBOSITY='0'
AM_V='$(V)'
AR='/usr/bin/x86_64-w64-mingw32-ar'
AUTOCONF='${SHELL} /home/caoliang/LMCCC/src/secp256k1/build-aux/missing autoconf'
AUTOHEADER='${SHELL} /home/caoliang/LMCCC/src/secp256k1/build-aux/missing autoheader'
AUTOMAKE='${SHELL} /home/caoliang/LMCCC/src/secp256k1/build-aux/missing automake-1.15'
AWK='mawk'
BREW=''
BUILD_EXEEXT=''
BUILD_OBJEXT=''
CC='x86_64-w64-mingw32-gcc'
CCDEPMODE='depmode=gcc3'
CC_FOR_BUILD='gcc'
CFLAGS='-pipe -O2  -W -std=c89 -pedantic -Wall -Wextra -Wcast-align -Wnested-externs -Wshadow -Wstrict-prototypes -Wno-unused-function -Wno-long-long -Wno-overlength-strings -fvisibility=hidden'
CFLAGS_FOR_BUILD='-g -O2'
CPP='x86_64-w64-mingw32-gcc -E'
CPPFLAGS='-I/home/caoliang/LMCCC/depends/x86_64-w64-mingw32/include/ '
CPPFLAGS_FOR_BUILD=''
CPP_FOR_BUILD='gcc -E'
CRYPTO_CFLAGS='-I/home/caoliang/LMCCC/depends/x86_64-w64-mingw32/include'
CRYPTO_LIBS='-L/home/caoliang/LMCCC/depends/x86_64-w64-mingw32/lib -lcrypto -lws2_32 -lgdi32 -lcrypt32'
CYGPATH_W='echo'
DEFS='-DHAVE_CONFIG_H'
DEPDIR='.deps'
DLLTOOL='x86_64-w64-mingw32-dlltool'
DSYMUTIL=''
DUMPBIN=''
ECHO_C=''
ECHO_N='-n'
ECHO_T=''
EGREP='/bin/grep -E'
ENABLE_MODULE_ECDH_FALSE=''
ENABLE_MODULE_ECDH_TRUE='#'
ENABLE_MODULE_RECOVERY_FALSE='#'
ENABLE_MODULE_RECOVERY_TRUE=''
ENABLE_MODULE_SCHNORR_FALSE=''
ENABLE_MODULE_SCHNORR_TRUE='#'
EXEEXT='.exe'
FGREP='/bin/grep -F'
GREP='/bin/grep'
INSTALL_DATA='${INSTALL} -m 644'
INSTALL_PROGRAM='${INSTALL}'
INSTALL_SCRIPT='${INSTALL}'
INSTALL_STRIP_PROGRAM='$(install_sh) -c -s'
LD='/usr/bin/x86_64-w64-mingw32-ld'
LDFLAGS='-L/home/caoliang/LMCCC/depends/x86_64-w64-mingw32/lib '
LDFLAGS_FOR_BUILD=''
LIBOBJS=''
LIBS=''
LIBTOOL='$(SHELL) $(top_builddir)/libtool'
LIPO=''
LN_S='ln -s'
LTLIBOBJS=''
LT_SYS_LIBRARY_PATH=''
MAKEINFO='${SHELL} /home/caoliang/LMCCC/src/secp256k1/build-aux/missing makeinfo'
MANIFEST_TOOL=':'
MKDIR_P='/bin/mkdir -p'
NM='x86_64-w64-mingw32-nm'
NMEDIT=''
OBJDUMP='x86_64-w64-mingw32-objdump'
OBJEXT='o'
OTOOL64=''
OTOOL=''
PACKAGE='libsecp256k1'
PACKAGE_BUGREPORT=''
PACKAGE_NAME='libsecp256k1'
PACKAGE_STRING='libsecp256k1 0.1'
PACKAGE_TARNAME='libsecp256k1'
PACKAGE_URL=''
PACKAGE_VERSION='0.1'
PATH_SEPARATOR=':'
PKG_CONFIG='/usr/bin/pkg-config --static'
PKG_CONFIG_LIBDIR='/home/caoliang/LMCCC/depends/x86_64-w64-mingw32/lib/pkgconfig'
PKG_CONFIG_PATH='/home/caoliang/LMCCC/depends/x86_64-w64-mingw32/share/pkgconfig'
PORT=''
RANLIB='/usr/bin/x86_64-w64-mingw32-ranlib'
SECP_INCLUDES=''
SECP_LIBS=''
SECP_TEST_INCLUDES=' -I/home/caoliang/LMCCC/depends/x86_64-w64-mingw32/include'
SECP_TEST_LIBS='-L/home/caoliang/LMCCC/depends/x86_64-w64-mingw32/lib -lcrypto -lws2_32 -lgdi32 -lcrypt32 -lgdi32'
SED='/bin/sed'
SET_MAKE=''
SHELL='/bin/bash'
STRIP='/usr/bin/x86_64-w64-mingw32-strip'
USE_BENCHMARK_FALSE=''
USE_BENCHMARK_TRUE='#'
USE_ECMULT_STATIC_PRECOMPUTATION_FALSE='#'
USE_ECMULT_STATIC_PRECOMPUTATION_TRUE=''
USE_TESTS_FALSE='#'
USE_TESTS_TRUE=''
VERSION='0.1'
ac_ct_AR=''
ac_ct_CC=''
ac_ct_CC_FOR_BUILD='gcc'
ac_ct_DUMPBIN=''
am__EXEEXT_FALSE='#'
am__EXEEXT_TRUE=''
am__fastdepCC_FALSE='#'
am__fastdepCC_TRUE=''
am__include='include'
am__isrc=''
am__leading_dot='.'
am__nodep='_no'
am__quote=''
am__tar='$${TAR-tar} chof - "$$tardir"'
am__untar='$${TAR-tar} xf -'
bindir='${exec_prefix}/bin'
build='x86_64-pc-linux-gnu'
build_alias=''
build_cpu='x86_64'
build_os='linux-gnu'
build_vendor='pc'
datadir='${datarootdir}'
datarootdir='${prefix}/share'
docdir='${datarootdir}/doc/${PACKAGE_TARNAME}'
dvidir='${docdir}'
exec_prefix='${prefix}'
host='x86_64-w64-mingw32'
host_alias='x86_64-w64-mingw32'
host_cpu='x86_64'
host_os='mingw32'
host_vendor='w64'
htmldir='${docdir}'
includedir='${prefix}/include'
infodir='${datarootdir}/info'
install_sh='${SHELL} /home/caoliang/LMCCC/src/secp256k1/build-aux/install-sh'
libdir='${exec_prefix}/lib'
libexecdir='${exec_prefix}/libexec'
localedir='${datarootdir}/locale'
localstatedir='${prefix}/var'
mandir='${datarootdir}/man'
mkdir_p='$(MKDIR_P)'
oldincludedir='/usr/include'
pdfdir='${docdir}'
prefix='/home/caoliang/LMCCC/depends/x86_64-w64-mingw32'
program_transform_name='s,x,x,'
psdir='${docdir}'
runstatedir='${localstatedir}/run'
sbindir='${exec_prefix}/sbin'
sharedstatedir='${prefix}/com'
sysconfdir='${prefix}/etc'
target_alias=''

## ----------- ##
## confdefs.h. ##
## ----------- ##

/* confdefs.h */
#define PACKAGE_NAME "libsecp256k1"
#define PACKAGE_TARNAME "libsecp256k1"
#define PACKAGE_VERSION "0.1"
#define PACKAGE_STRING "libsecp256k1 0.1"
#define PACKAGE_BUGREPORT ""
#define PACKAGE_URL ""
#define PACKAGE "libsecp256k1"
#define VERSION "0.1"
#define STDC_HEADERS 1
#define HAVE_SYS_TYPES_H 1
#define HAVE_SYS_STAT_H 1
#define HAVE_STDLIB_H 1
#define HAVE_STRING_H 1
#define HAVE_MEMORY_H 1
#define HAVE_STRINGS_H 1
#define HAVE_INTTYPES_H 1
#define HAVE_STDINT_H 1
#define HAVE_UNISTD_H 1
#define LT_OBJDIR ".libs/"
#define HAVE___INT128 1
#define HAVE_BUILTIN_EXPECT 1
#define USE_ASM_X86_64 1
#define USE_FIELD_5X52 1
#define USE_NUM_NONE 1
#define USE_FIELD_INV_BUILTIN 1
#define USE_SCALAR_INV_BUILTIN 1
#define USE_SCALAR_4X64 1
#define HAVE_LIBCRYPTO 1
#define ENABLE_OPENSSL_TESTS 1
#define USE_ECMULT_STATIC_PRECOMPUTATION 1
#define ENABLE_MODULE_RECOVERY 1

configure: exit 0
